p/traffic-038.jpg 1 0 0 35 60
p/traffic-037.jpg 1 0 0 35 60
p/traffic-036.jpg 1 0 0 35 60
p/traffic-035.jpg 1 0 0 35 60
p/traffic-034.jpg 1 0 0 35 60
p/traffic-033.jpg 1 0 0 35 60
p/traffic-032.jpg 1 0 0 35 60
p/traffic-031.jpg 1 0 0 35 60
p/traffic-030.jpg 1 0 0 35 60
p/traffic-029.jpg 1 0 0 35 60
p/traffic-028.jpg 1 0 0 35 60
p/traffic-027.jpg 1 0 0 35 60
p/traffic-026.jpg 1 0 0 35 60
p/traffic-025.jpg 1 0 0 35 60
p/traffic-024.jpg 1 0 0 35 60
p/traffic-023.jpg 1 0 0 35 60
p/traffic-022.jpg 1 0 0 35 60
p/traffic-021.jpg 1 0 0 35 60
p/traffic-020.jpg 1 0 0 35 60
p/traffic-019.jpg 1 0 0 35 60
p/traffic-018.jpg 1 0 0 35 60
p/traffic-017.jpg 1 0 0 35 60
p/traffic-016.jpg 1 0 0 35 60
p/traffic-015.jpg 1 0 0 35 60
p/traffic-014.jpg 1 0 0 35 60
p/traffic-013.jpg 1 0 0 35 60
p/traffic-012.jpg 1 0 0 35 60
p/traffic-011.jpg 1 0 0 35 60
p/traffic-010.jpg 1 0 0 35 60
p/traffic-009.jpg 1 0 0 35 60
p/traffic-008.jpg 1 0 0 35 60
p/traffic-007.jpg 1 0 0 35 60
p/traffic-006.jpg 1 0 0 35 60
p/traffic-005.jpg 1 0 0 35 60
p/traffic-004.jpg 1 0 0 35 60
p/traffic-003.jpg 1 0 0 35 60
p/traffic-002.jpg 1 0 0 35 60
p/traffic-001.jpg 1 0 0 35 60
p/traffic-000.jpg 1 0 0 35 60